<?xml version="1.0" encoding="UTF-8"?>
<!-- Generated by org.testng.reporters.JUnitReportReporter -->
<testsuite hostname="DESKTOP-I35SKP6" failures="0" tests="3" name="test1admintestcases.Dashboardtestcases" time="44.208" errors="0" timestamp="2021-01-05T11:23:10 IST" skipped="2">
  <testcase classname="test1admintestcases.Dashboardtestcases" name="TotalLinksOnHomePage" time="44.208"/>
  <system-out/>
  <testcase classname="test1admintestcases.Dashboardtestcases" name="verifyClickOn3Horizantalline">
    <skipped/>
  </testcase> <!-- verifyClickOn3Horizantalline -->
  <system-out/>
  <testcase classname="test1admintestcases.Dashboardtestcases" name="verifyStoresCount">
    <skipped/>
  </testcase> <!-- verifyStoresCount -->
  <system-out/>
</testsuite> <!-- test1admintestcases.Dashboardtestcases -->
