<?xml version="1.0" encoding="UTF-8"?>
<!-- Generated by org.testng.reporters.JUnitReportReporter -->
<testsuite hostname="DESKTOP-I35SKP6" failures="0" tests="6" name="test1admintestcases.Logintestcase" time="109.073" errors="0" timestamp="2021-01-05T12:14:35 IST" skipped="0">
  <testcase classname="test1admintestcases.Logintestcase" name="verifyTitle" time="12.281"/>
  <system-out/>
  <testcase classname="test1admintestcases.Logintestcase" name="TotalValidLinksOnLoginPage" time="16.283"/>
  <system-out/>
  <testcase classname="test1admintestcases.Logintestcase" name="verifylogo" time="12.787"/>
  <system-out/>
  <testcase classname="test1admintestcases.Logintestcase" name="Verifyloginheader" time="16.329"/>
  <system-out/>
  <testcase classname="test1admintestcases.Logintestcase" name="verifyforgetpassword" time="21.064"/>
  <system-out/>
  <testcase classname="test1admintestcases.Logintestcase" name="validatelogin" time="30.329"/>
  <system-out/>
</testsuite> <!-- test1admintestcases.Logintestcase -->
